{"numTotalTestSuites":2,"numPassedTestSuites":2,"numFailedTestSuites":0,"numPendingTestSuites":0,"numTotalTests":1,"numPassedTests":1,"numFailedTests":0,"numPendingTests":0,"numTodoTests":0,"snapshot":{"added":0,"failure":false,"filesAdded":0,"filesRemoved":0,"filesRemovedList":[],"filesUnmatched":0,"filesUpdated":0,"matched":0,"total":0,"unchecked":0,"uncheckedKeysByFile":[],"unmatched":0,"updated":0,"didUpdate":false},"startTime":1777217971385,"success":true,"testResults":[{"assertionResults":[{"ancestorTitles":["FeedbackForm"],"fullName":"FeedbackForm calls onSubmit with payload when title and description meet validation","status":"passed","title":"calls onSubmit with payload when title and description meet validation","duration":279.6540279999999,"failureMessages":[],"meta":{}}],"startTime":1777217971968,"endTime":1777217972247.654,"status":"passed","message":"","name":"/home/goose/goose/projects/games/frontend/src/components/feedback/FeedbackForm.test.jsx"}]}